<?xml version="1.0" encoding="UTF-8"?>
<!-- Generated by org.testng.reporters.JUnitXMLReporter -->
<testsuite ignored="0" hostname="macbook.oneshore.lcl" failures="0" tests="3" name="Default test" time="24.426" errors="0" timestamp="2020-10-22T11:56:43 MDT">
  <testcase classname="seleniumtrainingmaven.RefactoredLoginTest" name="failedLogin" time="0.696"/>
  <testcase classname="seleniumtrainingmaven.RefactoredLoginTest" name="failedLoginWithInvalidUsername" time="0.647"/>
  <testcase classname="seleniumtrainingmaven.RefactoredLoginTest" name="successfulLogin" time="0.609"/>
</testsuite> <!-- Default test -->
