<?xml version="1.0" encoding="UTF-8"?>
<!-- Generated by org.testng.reporters.JUnitXMLReporter -->
<testsuite ignored="2" hostname="macbook.oneshore.lcl" failures="0" tests="1" name="Default test" time="10.763" errors="0" timestamp="2021-04-22T11:41:25 MDT">
  <testcase classname="seleniumtrainingmaven.RefactoredLoginTest" name="successfulLogin" time="0.687"/>
  <testcase classname="seleniumtrainingmaven.RefactoredLoginTest" name="failedLogin" time="0.0">
    <ignored/>
  </testcase> <!-- failedLogin -->
  <testcase classname="seleniumtrainingmaven.RefactoredLoginTest" name="failedLoginWithInvalidUsername" time="0.0">
    <ignored/>
  </testcase> <!-- failedLoginWithInvalidUsername -->
</testsuite> <!-- Default test -->
