<?xml version="1.0" encoding="UTF-8"?>
<testng-results ignored="2" total="3" passed="1" failed="0" skipped="0">
  <reporter-output>
  </reporter-output>
  <suite started-at="2021-04-22T11:41:14 MDT" name="Default suite" finished-at="2021-04-22T11:41:25 MDT" duration-ms="10763">
    <groups>
    </groups>
    <test started-at="2021-04-22T11:41:14 MDT" name="Default test" finished-at="2021-04-22T11:41:25 MDT" duration-ms="10763">
      <class name="seleniumtrainingmaven.RefactoredLoginTest">
        <test-method is-config="true" signature="setup()[pri:0, instance:seleniumtrainingmaven.RefactoredLoginTest@3d299e3]" started-at="2021-04-22T11:41:14 MDT" name="setup" finished-at="2021-04-22T11:41:19 MDT" duration-ms="4983" status="PASS">
          <reporter-output>
          </reporter-output>
        </test-method> <!-- setup -->
        <test-method signature="successfulLogin()[pri:0, instance:seleniumtrainingmaven.RefactoredLoginTest@3d299e3]" started-at="2021-04-22T11:41:19 MDT" name="successfulLogin" finished-at="2021-04-22T11:41:20 MDT" duration-ms="687" status="PASS">
          <reporter-output>
          </reporter-output>
        </test-method> <!-- successfulLogin -->
        <test-method is-config="true" signature="teardown()[pri:0, instance:seleniumtrainingmaven.RefactoredLoginTest@3d299e3]" started-at="2021-04-22T11:41:20 MDT" name="teardown" finished-at="2021-04-22T11:41:25 MDT" duration-ms="5064" status="PASS">
          <reporter-output>
          </reporter-output>
        </test-method> <!-- teardown -->
      </class> <!-- seleniumtrainingmaven.RefactoredLoginTest -->
    </test> <!-- Default test -->
  </suite> <!-- Default suite -->
</testng-results>
