<?xml version="1.0" encoding="UTF-8"?>
<testng-results ignored="0" total="3" passed="3" failed="0" skipped="0">
  <reporter-output>
  </reporter-output>
  <suite started-at="2020-10-22T12:00:02 MDT" name="Suite" finished-at="2020-10-22T12:00:10 MDT" duration-ms="8745">
    <groups>
    </groups>
    <test started-at="2020-10-22T12:00:02 MDT" name="LoginSuccess" finished-at="2020-10-22T12:00:10 MDT" duration-ms="8545">
      <class name="seleniumtrainingmaven.ParameterizedLoginTest">
        <test-method is-config="true" signature="setup()[pri:0, instance:seleniumtrainingmaven.ParameterizedLoginTest@5906ebcb]" started-at="2020-10-22T12:00:02 MDT" name="setup" finished-at="2020-10-22T12:00:06 MDT" duration-ms="4549" status="PASS">
          <reporter-output>
          </reporter-output>
        </test-method> <!-- setup -->
        <test-method signature="loginTest(java.lang.String, java.lang.String, java.lang.Boolean)[pri:0, instance:seleniumtrainingmaven.ParameterizedLoginTest@5906ebcb]" started-at="2020-10-22T12:00:06 MDT" name="loginTest" finished-at="2020-10-22T12:00:07 MDT" duration-ms="873" status="PASS">
          <params>
            <param index="0">
              <value>
                <![CDATA[tomsmith]]>
              </value>
            </param>
            <param index="1">
              <value>
                <![CDATA[SuperSecretPassword!]]>
              </value>
            </param>
            <param index="2">
              <value>
                <![CDATA[true]]>
              </value>
            </param>
          </params>
          <reporter-output>
          </reporter-output>
        </test-method> <!-- loginTest -->
        <test-method is-config="true" signature="teardown()[pri:0, instance:seleniumtrainingmaven.ParameterizedLoginTest@5906ebcb]" started-at="2020-10-22T12:00:07 MDT" name="teardown" finished-at="2020-10-22T12:00:10 MDT" duration-ms="3090" status="PASS">
          <reporter-output>
          </reporter-output>
        </test-method> <!-- teardown -->
      </class> <!-- seleniumtrainingmaven.ParameterizedLoginTest -->
    </test> <!-- LoginSuccess -->
    <test started-at="2020-10-22T12:00:02 MDT" name="LoginFailureonUsername" finished-at="2020-10-22T12:00:10 MDT" duration-ms="8714">
      <class name="seleniumtrainingmaven.ParameterizedLoginTest">
        <test-method is-config="true" signature="setup()[pri:0, instance:seleniumtrainingmaven.ParameterizedLoginTest@2aa3cd93]" started-at="2020-10-22T12:00:02 MDT" name="setup" finished-at="2020-10-22T12:00:06 MDT" duration-ms="4660" status="PASS">
          <reporter-output>
          </reporter-output>
        </test-method> <!-- setup -->
        <test-method signature="loginTest(java.lang.String, java.lang.String, java.lang.Boolean)[pri:0, instance:seleniumtrainingmaven.ParameterizedLoginTest@2aa3cd93]" started-at="2020-10-22T12:00:06 MDT" name="loginTest" finished-at="2020-10-22T12:00:07 MDT" duration-ms="926" status="PASS">
          <params>
            <param index="0">
              <value>
                <![CDATA[invaliduser]]>
              </value>
            </param>
            <param index="1">
              <value>
                <![CDATA[SuperSecretPasswor]]>
              </value>
            </param>
            <param index="2">
              <value>
                <![CDATA[false]]>
              </value>
            </param>
          </params>
          <reporter-output>
          </reporter-output>
        </test-method> <!-- loginTest -->
        <test-method is-config="true" signature="teardown()[pri:0, instance:seleniumtrainingmaven.ParameterizedLoginTest@2aa3cd93]" started-at="2020-10-22T12:00:07 MDT" name="teardown" finished-at="2020-10-22T12:00:10 MDT" duration-ms="3099" status="PASS">
          <reporter-output>
          </reporter-output>
        </test-method> <!-- teardown -->
      </class> <!-- seleniumtrainingmaven.ParameterizedLoginTest -->
    </test> <!-- LoginFailureonUsername -->
    <test started-at="2020-10-22T12:00:02 MDT" name="LoginFailureOnPassword" finished-at="2020-10-22T12:00:10 MDT" duration-ms="8745">
      <class name="seleniumtrainingmaven.ParameterizedLoginTest">
        <test-method is-config="true" signature="setup()[pri:0, instance:seleniumtrainingmaven.ParameterizedLoginTest@6e75aa0d]" started-at="2020-10-22T12:00:02 MDT" name="setup" finished-at="2020-10-22T12:00:06 MDT" duration-ms="4700" status="PASS">
          <reporter-output>
          </reporter-output>
        </test-method> <!-- setup -->
        <test-method signature="loginTest(java.lang.String, java.lang.String, java.lang.Boolean)[pri:0, instance:seleniumtrainingmaven.ParameterizedLoginTest@6e75aa0d]" started-at="2020-10-22T12:00:06 MDT" name="loginTest" finished-at="2020-10-22T12:00:07 MDT" duration-ms="928" status="PASS">
          <params>
            <param index="0">
              <value>
                <![CDATA[tomsmith]]>
              </value>
            </param>
            <param index="1">
              <value>
                <![CDATA[InvalidPassword!]]>
              </value>
            </param>
            <param index="2">
              <value>
                <![CDATA[false]]>
              </value>
            </param>
          </params>
          <reporter-output>
          </reporter-output>
        </test-method> <!-- loginTest -->
        <test-method is-config="true" signature="teardown()[pri:0, instance:seleniumtrainingmaven.ParameterizedLoginTest@6e75aa0d]" started-at="2020-10-22T12:00:07 MDT" name="teardown" finished-at="2020-10-22T12:00:10 MDT" duration-ms="3088" status="PASS">
          <reporter-output>
          </reporter-output>
        </test-method> <!-- teardown -->
      </class> <!-- seleniumtrainingmaven.ParameterizedLoginTest -->
    </test> <!-- LoginFailureOnPassword -->
  </suite> <!-- Suite -->
</testng-results>
